[191月2026 23:41:17.282] [main/INFO] [net.neoforged.fml.startup.Entrypoint/]: JVM Uptime at startup: 152ms
[191月2026 23:41:17.292] [main/INFO] [net.neoforged.fml.loading.FMLLoader/]: Starting FancyModLoader version 11.0.0 (CLIENT in DEV)
[191月2026 23:41:17.292] [main/INFO] [net.neoforged.fml.loading.FMLLoader/]: Game directory: D:\MinecarftMods\TheHard\run
[191月2026 23:41:17.358] [main/INFO] [net.neoforged.fml.loading.EarlyServiceDiscovery/]: Found 2 early service jars (out of 107) in 29ms
[191月2026 23:41:17.358] [main/INFO] [net.neoforged.fml.loading.FMLLoader/]: Loading FML Early Services:
[191月2026 23:41:17.359] [main/INFO] [net.neoforged.fml.loading.FMLLoader/]:  - D:/Gradle/caches/modules-2/files-2.1/net.neoforged.fancymodloader/earlydisplay/11.0.0/ff17cf55bcf18ef4a83a5e108bbcf27a78aba844/earlydisplay-11.0.0.jar
[191月2026 23:41:17.361] [main/INFO] [net.neoforged.fml.loading.FMLLoader/]:  - D:/Gradle/caches/modules-2/files-2.1/net.neoforged.fancymodloader/loader/11.0.0/ee08faf8743b13ec64a5bdc788b48f64d3789e69/loader-11.0.0.jar
[191月2026 23:41:17.366] [main/INFO] [net.neoforged.fml.loading.ImmediateWindowHandler/]: Loading ImmediateWindowProvider fmlearlywindow
[191月2026 23:41:17.896] [ForkJoinPool.commonPool-worker-3/INFO] [net.neoforged.fml.loading.moddiscovery.locators.GameLocator/]: Detected a joined NeoForge and Minecraft configuration. Applying filtering...
[191月2026 23:41:17.920] [fml-loadingscreen/INFO] [net.neoforged.fml.earlydisplay.render.LoadingScreenRenderer/]: GL info: NVIDIA GeForce RTX 5060 Laptop GPU/PCIe/SSE2 GL version 3.3.0 NVIDIA 576.88, NVIDIA Corporation
[191月2026 23:41:17.974] [ForkJoinPool.commonPool-worker-3/INFO] [net.neoforged.fml.loading.moddiscovery.locators.InDevFolderLocator/CORE]: Got mod coordinates thehard%%D:\\MinecarftMods\\TheHard\\build\\classes\\java\\main;thehard%%D:\\MinecarftMods\\TheHard\\build\\resources\\main from env
[191月2026 23:41:18.117] [ForkJoinPool.commonPool-worker-3/INFO] [net.neoforged.fml.loading.moddiscovery.locators.JarInJarDependencyLocator/]: Found 2 dependencies adding them to mods collection
[191月2026 23:41:18.120] [ForkJoinPool.commonPool-worker-3/INFO] [net.neoforged.fml.loading.moddiscovery.ModDiscoverer/]: 
     Mod List:
		Name Version (Mod Id)

		Minecraft 26.1-snapshot-2 (minecraft)
		NeoForge 26.1.0.0-alpha.6+snapshot-2 (neoforge)
		TheHard 0.0.1 (thehard)
[191月2026 23:41:18.335] [main/INFO] [mixin/]: SpongePowered MIXIN Subsystem Version=0.8.7 Source=file:/D:/Gradle/caches/modules-2/files-2.1/net.fabricmc/sponge-mixin/0.16.5+mixin.0.8.7/80fc3a9f592673cea87f4cd702f87991c6c9fe4d/sponge-mixin-0.16.5+mixin.0.8.7.jar Service=FML Env=CLIENT
[191月2026 23:41:18.356] [main/INFO] [net.neoforged.fml.loading.FMLLoader/]: Loading FML Plugins:
[191月2026 23:41:18.356] [main/INFO] [net.neoforged.fml.loading.FMLLoader/]:  - D:/Gradle/caches/modules-2/files-2.1/net.neoforged/neoforge/26.1.0.0-alpha.6+snapshot-2/ba5fdfde2a3c74a2b8f4de4f37c79e860b30af15/neoforge-26.1.0.0-alpha.6+snapshot-2-universal.jar > net.neoforged.neoforge-coremods-26.1.0.0-alpha.6+snapshot-2.jar
[191月2026 23:41:18.423] [main/INFO] [net.neoforged.fml.loading.FMLLoader/]: Building game content classloader:
 - minecraft (composite(filtered(jar(D:/MinecarftMods/TheHard/build/moddev/artifacts/minecraft-patched-26.1.0.0-alpha.6+snapshot-2.jar)), filtered(jar(D:/MinecarftMods/TheHard/build/moddev/artifacts/minecraft-patched-26.1.0.0-alpha.6+snapshot-2.jar))))
 - mixinextras.neoforge (jar(D:/Gradle/caches/modules-2/files-2.1/net.neoforged/neoforge/26.1.0.0-alpha.6+snapshot-2/ba5fdfde2a3c74a2b8f4de4f37c79e860b30af15/neoforge-26.1.0.0-alpha.6+snapshot-2-universal.jar > mixinextras-neoforge-0.5.0.jar))
 - neoforge (composite(filtered(jar(D:/Gradle/caches/modules-2/files-2.1/net.neoforged/neoforge/26.1.0.0-alpha.6+snapshot-2/ba5fdfde2a3c74a2b8f4de4f37c79e860b30af15/neoforge-26.1.0.0-alpha.6+snapshot-2-universal.jar))))
 - net.neoforged.fml.generated (empty(VirtualJar/net.neoforged.fml.generated))
 - thehard (composite(folder(D:/MinecarftMods/TheHard/build/classes/java/main), folder(D:/MinecarftMods/TheHard/build/resources/main)))
[191月2026 23:41:18.435] [main/INFO] [net.neoforged.fml.loading.FMLLoader/]: Built game content classloader in 19ms
[191月2026 23:41:19.535] [Datafixer Bootstrap/INFO] [com.mojang.datafixers.DataFixerBuilder/]: 291 Datafixer optimizations took 309 milliseconds
[191月2026 23:41:19.651] [pool-8-thread-1/INFO] [MixinExtras|Service/]: Initializing MixinExtras via com.llamalad7.mixinextras.service.MixinExtrasServiceImpl(version=0.5.0).
[191月2026 23:41:23.693] [main/WARN] [net.minecraft.commands.Commands/]: Ambiguity between arguments [teleport, location] and [teleport, destination] with inputs: [0.1 -0.5 .9, 0 0 0]
[191月2026 23:41:23.694] [main/WARN] [net.minecraft.commands.Commands/]: Ambiguity between arguments [teleport, location] and [teleport, targets] with inputs: [0.1 -0.5 .9, 0 0 0]
[191月2026 23:41:23.697] [main/WARN] [net.minecraft.commands.Commands/]: Ambiguity between arguments [teleport, destination] and [teleport, targets] with inputs: [Player, 0123, @e, dd12be42-52a9-4a91-a8a1-11c01849e498]
[191月2026 23:41:23.698] [main/WARN] [net.minecraft.commands.Commands/]: Ambiguity between arguments [teleport, targets] and [teleport, destination] with inputs: [Player, 0123, dd12be42-52a9-4a91-a8a1-11c01849e498]
[191月2026 23:41:23.699] [main/WARN] [net.minecraft.commands.Commands/]: Ambiguity between arguments [teleport, targets, location] and [teleport, targets, destination] with inputs: [0.1 -0.5 .9, 0 0 0]
[191月2026 23:41:23.700] [main/WARN] [net.minecraft.commands.Commands/]: Ambiguity between arguments [waypoint, modify, waypoint, color, reset] and [waypoint, modify, waypoint, color, color] with inputs: [reset]
[191月2026 23:41:23.756] [modloading-worker-0/INFO] [net.neoforged.neoforge.common.NeoForgeMod/NEOFORGE-MOD]: NeoForge mod loading, version 26.1.0.0-alpha.6+snapshot-2, for MC 26.1 Snapshot 2
[191月2026 23:41:24.197] [Render thread/INFO] [com.mojang.authlib.yggdrasil.YggdrasilAuthenticationService/]: Environment: Environment[sessionHost=https://sessionserver.mojang.com, servicesHost=https://api.minecraftservices.com, profilesHost=https://api.mojang.com, name=PROD]
[191月2026 23:41:24.211] [Render thread/INFO] [net.minecraft.client.Minecraft/]: Setting user: Dev
[191月2026 23:41:24.306] [Render thread/INFO] [net.minecraft.client.Minecraft/]: Backend library: LWJGL version 3.3.3+5
[191月2026 23:41:24.467] [Render thread/INFO] [net.minecraft.client.Minecraft/]: Using optional rendering extensions: GL_ARB_buffer_storage, GL_KHR_debug, GL_ARB_vertex_attrib_binding, GL_ARB_direct_state_access, GL_EXT_texture_filter_anisotropic
[191月2026 23:41:25.117] [Render thread/INFO] [net.minecraft.server.packs.resources.ReloadableResourceManager/]: Reloading ResourceManager: vanilla, mod_resources, mod/thehard, mod/neoforge
[191月2026 23:41:25.172] [resourceLoad/INFO] [net.minecraft.client.gui.font.providers.UnihexProvider/]: Found unifont_pua-17.0.01.hex, loading
[191月2026 23:41:25.172] [resourceLoad/INFO] [net.minecraft.client.gui.font.providers.UnihexProvider/]: Found unifont_all_no_pua-17.0.01.hex, loading
[191月2026 23:41:25.291] [resourceLoad/INFO] [net.minecraft.client.gui.font.providers.UnihexProvider/]: Found unifont_jp_patch-17.0.01.hex, loading
[191月2026 23:41:26.646] [Render thread/INFO] [com.mojang.blaze3d.audio.Library/]: OpenAL initialized on device OpenAL Soft on 扬声器 (Realtek(R) Audio)
[191月2026 23:41:26.647] [Render thread/INFO] [net.minecraft.client.sounds.SoundEngine/SOUNDS]: Sound engine started
[191月2026 23:41:26.648] [Render thread/INFO] [net.minecraft.client.renderer.texture.TextureAtlas/]: Created: 512x256x0 minecraft:textures/atlas/particles.png-atlas
[191月2026 23:41:26.673] [Render thread/INFO] [net.minecraft.client.renderer.texture.TextureAtlas/]: Created: 128x128x0 minecraft:textures/atlas/decorated_pot.png-atlas
[191月2026 23:41:26.679] [Render thread/INFO] [net.minecraft.client.renderer.texture.TextureAtlas/]: Created: 2048x1024x0 minecraft:textures/atlas/armor_trims.png-atlas
[191月2026 23:41:26.689] [Render thread/INFO] [net.minecraft.client.renderer.texture.TextureAtlas/]: Created: 512x256x0 minecraft:textures/atlas/paintings.png-atlas
[191月2026 23:41:26.703] [Render thread/INFO] [net.minecraft.client.renderer.texture.TextureAtlas/]: Created: 1024x512x0 minecraft:textures/atlas/shield_patterns.png-atlas
[191月2026 23:41:26.706] [Render thread/INFO] [net.minecraft.client.renderer.texture.TextureAtlas/]: Created: 2048x2048x4 minecraft:textures/atlas/blocks.png-atlas
[191月2026 23:41:26.784] [Render thread/INFO] [net.minecraft.client.renderer.texture.TextureAtlas/]: Created: 512x512x0 minecraft:textures/atlas/chest.png-atlas
[191月2026 23:41:26.799] [Render thread/INFO] [net.minecraft.client.renderer.texture.TextureAtlas/]: Created: 256x128x0 minecraft:textures/atlas/celestials.png-atlas
[191月2026 23:41:26.800] [Render thread/INFO] [net.minecraft.client.renderer.texture.TextureAtlas/]: Created: 1024x512x0 minecraft:textures/atlas/banner_patterns.png-atlas
[191月2026 23:41:26.802] [Render thread/INFO] [net.minecraft.client.renderer.texture.TextureAtlas/]: Created: 512x512x0 minecraft:textures/atlas/beds.png-atlas
[191月2026 23:41:26.807] [Render thread/INFO] [net.minecraft.client.renderer.texture.TextureAtlas/]: Created: 1024x512x0 minecraft:textures/atlas/items.png-atlas
[191月2026 23:41:26.829] [Render thread/INFO] [net.minecraft.client.renderer.texture.TextureAtlas/]: Created: 1024x1024x0 minecraft:textures/atlas/gui.png-atlas
[191月2026 23:41:26.844] [Render thread/INFO] [net.minecraft.client.renderer.texture.TextureAtlas/]: Created: 128x64x0 minecraft:textures/atlas/map_decorations.png-atlas
[191月2026 23:41:26.853] [Render thread/INFO] [net.minecraft.client.renderer.texture.TextureAtlas/]: Created: 512x256x0 minecraft:textures/atlas/signs.png-atlas
[191月2026 23:41:26.855] [Render thread/INFO] [net.minecraft.client.renderer.texture.TextureAtlas/]: Created: 512x512x0 minecraft:textures/atlas/shulker_boxes.png-atlas
[191月2026 23:41:26.939] [Render thread/INFO] [net.neoforged.neoforge.client.entity.animation.json.AnimationLoader/]: Loaded 0 entity animations
[191月2026 23:41:40.407] [Render thread/INFO] [net.minecraft.world.item.crafting.RecipeManager/]: Loaded 1471 recipes
[191月2026 23:41:40.415] [Render thread/INFO] [net.minecraft.advancements.AdvancementTree/]: Loaded 1585 advancements
[191月2026 23:41:40.418] [Render thread/INFO] [net.neoforged.neoforge.common.crafting.RecipePriorityManager/]: Loaded 0 recipe priority overrides
[191月2026 23:41:40.544] [Server thread/INFO] [net.minecraft.client.server.IntegratedServer/]: Starting integrated minecraft server version 26.1 Snapshot 2
[191月2026 23:41:40.544] [Server thread/INFO] [net.minecraft.server.MinecraftServer/]: Generating keypair
[191月2026 23:41:40.880] [Server thread/INFO] [net.minecraft.server.level.progress.LoggingLevelLoadListener/]: Loading 49 persistent chunks...
[191月2026 23:41:40.880] [Server thread/INFO] [net.minecraft.server.level.progress.LoggingLevelLoadListener/]: 准备生成区域中：9%
[191月2026 23:41:41.358] [Server thread/INFO] [net.neoforged.neoforge.server.permission.PermissionAPI/]: Successfully initialized permission handler neoforge:default_handler
[191月2026 23:41:41.722] [Server thread/INFO] [net.minecraft.server.level.progress.LoggingLevelLoadListener/]: Loading 49 chunks for player spawn...
[191月2026 23:41:41.723] [Server thread/INFO] [net.minecraft.server.level.progress.LoggingLevelLoadListener/]: 准备生成区域中：54%
[191月2026 23:41:41.862] [Server thread/INFO] [net.minecraft.server.level.progress.LoggingLevelLoadListener/]: Time elapsed: 983 ms
[191月2026 23:41:42.117] [Server thread/INFO] [net.minecraft.server.players.PlayerList/]: Dev[local:E:06edb84c] logged in with entity id 109 at (-1.5, 73.0, -0.5)
[191月2026 23:41:42.163] [Server thread/INFO] [net.minecraft.server.MinecraftServer/]: Dev加入了游戏
[191月2026 23:41:42.255] [Render thread/WARN] [net.minecraft.client.multiplayer.ClientPacketListener/]: Ignoring chat session from Dev due to missing Services public key
[191月2026 23:41:42.286] [Server thread/INFO] [net.minecraft.client.server.IntegratedServer/]: Changing view distance to 16, from 10
[191月2026 23:41:42.290] [Server thread/INFO] [net.minecraft.client.server.IntegratedServer/]: Changing simulation distance to 12, from 0
[191月2026 23:41:42.292] [Render thread/INFO] [net.minecraft.client.renderer.DynamicUniformStorage/]: Resizing Dynamic Transforms UBO, capacity limit of 2 reached during a single frame. New capacity will be 4.
[191月2026 23:41:42.319] [Render thread/INFO] [net.minecraft.advancements.AdvancementTree/]: Loaded 175 advancements
[191月2026 23:41:42.389] [Render thread/INFO] [net.minecraft.client.renderer.DynamicUniformStorage/]: Resizing Dynamic Transforms UBO, capacity limit of 4 reached during a single frame. New capacity will be 8.
[191月2026 23:41:42.496] [Render thread/INFO] [net.minecraft.client.renderer.DynamicUniformStorage/]: Resizing Chunk Sections UBO, capacity limit of 2 reached during a single frame. New capacity will be 4.
[191月2026 23:41:42.515] [Render thread/INFO] [net.minecraft.client.renderer.DynamicUniformStorage/]: Resizing Chunk Sections UBO, capacity limit of 4 reached during a single frame. New capacity will be 8.
[191月2026 23:41:42.589] [Render thread/INFO] [net.minecraft.client.renderer.DynamicUniformStorage/]: Resizing Chunk Sections UBO, capacity limit of 8 reached during a single frame. New capacity will be 16.
[191月2026 23:41:42.653] [Render thread/INFO] [net.minecraft.client.renderer.DynamicUniformStorage/]: Resizing Chunk Sections UBO, capacity limit of 16 reached during a single frame. New capacity will be 32.
[191月2026 23:41:42.752] [Render thread/INFO] [net.minecraft.client.renderer.DynamicUniformStorage/]: Resizing Chunk Sections UBO, capacity limit of 32 reached during a single frame. New capacity will be 64.
[191月2026 23:41:43.007] [Render thread/INFO] [net.minecraft.client.renderer.DynamicUniformStorage/]: Resizing Chunk Sections UBO, capacity limit of 64 reached during a single frame. New capacity will be 128.
[191月2026 23:41:43.159] [Render thread/INFO] [net.minecraft.client.renderer.DynamicUniformStorage/]: Resizing Dynamic Transforms UBO, capacity limit of 8 reached during a single frame. New capacity will be 16.
[191月2026 23:41:43.262] [Render thread/INFO] [net.minecraft.client.renderer.DynamicUniformStorage/]: Resizing Chunk Sections UBO, capacity limit of 128 reached during a single frame. New capacity will be 256.
[191月2026 23:41:44.351] [Render thread/INFO] [net.minecraft.client.renderer.DynamicUniformStorage/]: Resizing Chunk Sections UBO, capacity limit of 256 reached during a single frame. New capacity will be 512.
[191月2026 23:41:44.512] [Server thread/INFO] [net.minecraft.server.MinecraftServer/]: [Dev: 已将自己的游戏模式设置为创造模式]
[191月2026 23:41:44.523] [Render thread/INFO] [net.minecraft.client.gui.components.ChatComponent/]: [System] [CHAT] 已将自己的游戏模式设置为创造模式
[191月2026 23:41:45.011] [Server thread/INFO] [net.minecraft.client.server.IntegratedServer/]: Saving and pausing game...
[191月2026 23:41:45.027] [Server thread/INFO] [net.minecraft.server.MinecraftServer/]: Saving chunks for level 'ServerLevel[新的世界]'/minecraft:overworld
[191月2026 23:41:45.094] [Server thread/INFO] [net.minecraft.server.MinecraftServer/]: Saving chunks for level 'ServerLevel[新的世界]'/minecraft:the_end
[191月2026 23:41:45.094] [Server thread/INFO] [net.minecraft.server.MinecraftServer/]: Saving chunks for level 'ServerLevel[新的世界]'/minecraft:the_nether
[191月2026 23:41:47.349] [Render thread/INFO] [net.minecraft.client.renderer.DynamicUniformStorage/]: Resizing Chunk Sections UBO, capacity limit of 512 reached during a single frame. New capacity will be 1024.
[191月2026 23:41:51.263] [Render thread/WARN] [net.minecraft.client.multiplayer.ClientPacketListener/]: Received passengers for unknown entity
[191月2026 23:41:52.389] [Render thread/INFO] [net.minecraft.client.renderer.DynamicUniformStorage/]: Resizing Chunk Sections UBO, capacity limit of 1024 reached during a single frame. New capacity will be 2048.
[191月2026 23:41:59.511] [Server thread/INFO] [net.minecraft.client.server.IntegratedServer/]: Saving and pausing game...
[191月2026 23:41:59.521] [Server thread/INFO] [net.minecraft.server.MinecraftServer/]: Saving chunks for level 'ServerLevel[新的世界]'/minecraft:overworld
[191月2026 23:41:59.537] [Server thread/INFO] [net.minecraft.server.MinecraftServer/]: Saving chunks for level 'ServerLevel[新的世界]'/minecraft:the_end
[191月2026 23:41:59.537] [Server thread/INFO] [net.minecraft.server.MinecraftServer/]: Saving chunks for level 'ServerLevel[新的世界]'/minecraft:the_nether
[191月2026 23:42:00.011] [Server thread/INFO] [net.minecraft.server.network.ServerGamePacketListenerImpl/]: Dev lost connection: 连接中断
[191月2026 23:42:00.012] [Server thread/INFO] [net.minecraft.server.MinecraftServer/]: Dev退出了游戏
[191月2026 23:42:00.023] [Server thread/INFO] [net.minecraft.server.network.ServerCommonPacketListenerImpl/]: Stopping singleplayer server as player logged out
[191月2026 23:42:00.074] [Server thread/INFO] [net.minecraft.server.MinecraftServer/]: Stopping server
[191月2026 23:42:00.074] [Server thread/INFO] [net.minecraft.server.MinecraftServer/]: Saving players
[191月2026 23:42:00.074] [Server thread/INFO] [net.minecraft.server.MinecraftServer/]: Saving worlds
[191月2026 23:42:00.131] [Server thread/INFO] [net.minecraft.server.MinecraftServer/]: Saving chunks for level 'ServerLevel[新的世界]'/minecraft:overworld
[191月2026 23:42:00.226] [Server thread/INFO] [net.minecraft.server.MinecraftServer/]: Saving chunks for level 'ServerLevel[新的世界]'/minecraft:the_end
[191月2026 23:42:00.231] [Server thread/INFO] [net.minecraft.server.MinecraftServer/]: Saving chunks for level 'ServerLevel[新的世界]'/minecraft:the_nether
[191月2026 23:42:00.245] [Server thread/INFO] [net.minecraft.server.MinecraftServer/]: ThreadedAnvilChunkStorage (新的世界): All chunks are saved
[191月2026 23:42:00.245] [Server thread/INFO] [net.minecraft.server.MinecraftServer/]: ThreadedAnvilChunkStorage (DIM1): All chunks are saved
[191月2026 23:42:00.246] [Server thread/INFO] [net.minecraft.server.MinecraftServer/]: ThreadedAnvilChunkStorage (DIM-1): All chunks are saved
[191月2026 23:42:00.246] [Server thread/INFO] [net.minecraft.server.MinecraftServer/]: ThreadedAnvilChunkStorage: All dimensions are saved
[191月2026 23:42:00.642] [Render thread/INFO] [net.minecraft.client.Minecraft/]: Stopping!
